<?xml version="1.0" encoding="utf-8"?><testsuites name="pytest tests"><testsuite name="pytest" errors="0" failures="0" skipped="0" tests="9" time="1.577" timestamp="2026-03-26T00:42:44.949325+00:00" hostname="agent-env-cc842729-2f51-4f0f-b05b-2ba7b0cd0d84"><testcase classname="backend.tests.test_demo_endpoints.TestDemoEndpoints" name="test_demo_group_returns_200" time="0.316" /><testcase classname="backend.tests.test_demo_endpoints.TestDemoEndpoints" name="test_demo_group_has_5_members" time="0.135" /><testcase classname="backend.tests.test_demo_endpoints.TestDemoEndpoints" name="test_demo_group_has_current_plan" time="0.176" /><testcase classname="backend.tests.test_demo_endpoints.TestDemoEndpoints" name="test_demo_moments_returns_200" time="0.153" /><testcase classname="backend.tests.test_demo_endpoints.TestDemoEndpoints" name="test_demo_invite_token_returns_200" time="0.110" /><testcase classname="backend.tests.test_demo_endpoints.TestInviteEndpoint" name="test_invite_endpoint_returns_200_with_valid_token" time="0.117" /><testcase classname="backend.tests.test_demo_endpoints.TestInviteEndpoint" name="test_invite_endpoint_returns_404_with_invalid_group" time="0.146" /><testcase classname="backend.tests.test_demo_endpoints.TestInviteEndpoint" name="test_invite_endpoint_returns_404_with_invalid_token" time="0.113" /><testcase classname="backend.tests.test_demo_endpoints.TestHealthAndBasicEndpoints" name="test_api_is_accessible" time="0.140" /></testsuite></testsuites>